使用するGPUデバイス: NVIDIA GH200 120GB
行列の次元: 256 x 256

--- 標準カーネルの実行構成 ---
ブロック次元: (32, 32)
グリッド次元: (8, 8)
総スレッド数: 65536

--- 共有メモリカーネルの実行構成 ---
ブロック次元: (16, 16)
グリッド次元: (16, 16)
総スレッド数: 65536

===== 1. 標準GPUカーネルの計算 =====
標準GPUカーネル計算時間: 0.000141秒

===== 2. 共有メモリGPUカーネルの計算 =====
共有メモリGPUカーネル計算時間: 0.000033秒

===== 3. CPU計算 =====
CPU計算時間: 0.053144秒

===== 結果の比較 =====
標準GPU と CPU の結果は一致しています.
共有メモリGPU と CPU の結果は一致しています.
標準GPU と 共有メモリGPU の結果は一致しています.

===== 比較結果まとめ =====
標準GPU vs CPU: 一致
共有メモリGPU vs CPU: 一致
標準GPU vs 共有メモリGPU: 一致
