使用するGPUデバイス: NVIDIA GH200 120GB
行列の次元: 64 x 64

--- 標準カーネルの実行構成 ---
ブロック次元: (32, 32)
グリッド次元: (2, 2)
総スレッド数: 4096

--- 共有メモリカーネルの実行構成 ---
ブロック次元: (16, 16)
グリッド次元: (4, 4)
総スレッド数: 4096

===== 1. 標準GPUカーネルの計算 =====
標準GPUカーネル計算時間: 0.000106秒

===== 2. 共有メモリGPUカーネルの計算 =====
共有メモリGPUカーネル計算時間: 0.000024秒

===== 3. CPU計算 =====
CPU計算時間: 0.000753秒

===== 結果の比較 =====
標準GPU と CPU の結果は一致しています.
共有メモリGPU と CPU の結果は一致しています.
標準GPU と 共有メモリGPU の結果は一致しています.

===== 比較結果まとめ =====
標準GPU vs CPU: 一致
共有メモリGPU vs CPU: 一致
標準GPU vs 共有メモリGPU: 一致
