利用可能なMPIプロセス数（GPU数）: 16

===== 各ノードのGPU情報 =====
ランク 0 の GPU情報:
GPU 0: NVIDIA GH200 120GB
  Compute capability: 9.0
  Total global memory: 94.50 GB
  Multiprocessors: 132
  Max threads per block: 1024

ランク 1 の GPU情報:
GPU 0: NVIDIA GH200 120GB
  Compute capability: 9.0
  Total global memory: 94.50 GB
  Multiprocessors: 132
  Max threads per block: 1024

ランク 2 の GPU情報:
GPU 0: NVIDIA GH200 120GB
  Compute capability: 9.0
  Total global memory: 94.50 GB
  Multiprocessors: 132
  Max threads per block: 1024

ランク 3 の GPU情報:
GPU 0: NVIDIA GH200 120GB
  Compute capability: 9.0
  Total global memory: 94.50 GB
  Multiprocessors: 132
  Max threads per block: 1024

ランク 4 の GPU情報:
GPU 0: NVIDIA GH200 120GB
  Compute capability: 9.0
  Total global memory: 94.50 GB
  Multiprocessors: 132
  Max threads per block: 1024

ランク 5 の GPU情報:
GPU 0: NVIDIA GH200 120GB
  Compute capability: 9.0
  Total global memory: 94.50 GB
  Multiprocessors: 132
  Max threads per block: 1024

ランク 6 の GPU情報:
GPU 0: NVIDIA GH200 120GB
  Compute capability: 9.0
  Total global memory: 94.50 GB
  Multiprocessors: 132
  Max threads per block: 1024

ランク 7 の GPU情報:
GPU 0: NVIDIA GH200 120GB
  Compute capability: 9.0
  Total global memory: 94.50 GB
  Multiprocessors: 132
  Max threads per block: 1024

ランク 8 の GPU情報:
GPU 0: NVIDIA GH200 120GB
  Compute capability: 9.0
  Total global memory: 94.50 GB
  Multiprocessors: 132
  Max threads per block: 1024

ランク 9 の GPU情報:
GPU 0: NVIDIA GH200 120GB
  Compute capability: 9.0
  Total global memory: 94.50 GB
  Multiprocessors: 132
  Max threads per block: 1024

ランク 10 の GPU情報:
GPU 0: NVIDIA GH200 120GB
  Compute capability: 9.0
  Total global memory: 94.50 GB
  Multiprocessors: 132
  Max threads per block: 1024

ランク 11 の GPU情報:
GPU 0: NVIDIA GH200 120GB
  Compute capability: 9.0
  Total global memory: 94.50 GB
  Multiprocessors: 132
  Max threads per block: 1024

ランク 12 の GPU情報:
GPU 0: NVIDIA GH200 120GB
  Compute capability: 9.0
  Total global memory: 94.50 GB
  Multiprocessors: 132
  Max threads per block: 1024

ランク 13 の GPU情報:
GPU 0: NVIDIA GH200 120GB
  Compute capability: 9.0
  Total global memory: 94.50 GB
  Multiprocessors: 132
  Max threads per block: 1024

ランク 14 の GPU情報:
GPU 0: NVIDIA GH200 120GB
  Compute capability: 9.0
  Total global memory: 94.50 GB
  Multiprocessors: 132
  Max threads per block: 1024

ランク 15 の GPU情報:
GPU 0: NVIDIA GH200 120GB
  Compute capability: 9.0
  Total global memory: 94.50 GB
  Multiprocessors: 132
  Max threads per block: 1024


===== パラメータ設定 =====
行列サイズ: 32768 x 32768
スカラー値: 2.0
使用GPU数: 16

行列の初期化中...
元の行列 (32768x32768) の一部:
     1.0      2.0      3.0  ...  32767.0  32768.0 
 32769.0  32770.0  32771.0  ...  65535.0  65536.0 
 ... 
1073676288.0 1073676288.0 1073676288.0  ... 1073709056.0 1073709056.0 
1073709056.0 1073709056.0 1073709056.0  ... 1073741824.0 1073741824.0 


===== シングルGPU処理開始 =====
シングルGPU処理完了: 0.038664 秒

===== マルチGPU処理開始 (16 GPUs) =====

===== 詳細なタイミング分析 =====
1. データ分配時間: 0.167888 秒 (全体の 36.0%)
2. ホスト→デバイス転送: 0.001653 秒 (全体の 0.4%)
3. カーネル実行時間: 0.000335 秒 (全体の 0.1%)
4. デバイス→ホスト転送: 0.001207 秒 (全体の 0.3%)
5. 結果収集時間: 0.223656 秒 (全体の 48.0%)

主なボトルネック: 結果収集 (48.0% of total time)
マルチGPU処理完了: 0.465890 秒

===== 性能比較 =====
シングルGPU実行時間: 0.038664 秒
マルチGPU実行時間(16 GPUs): 0.465890 秒
高速化率: 0.08倍
効率: 0.52%

===== 結果検証 =====
シングルGPUとマルチGPUの結果は一致しています。
シングルGPUでの処理後行列 (32768x32768) の一部:
     2.0      4.0      6.0  ...  65534.0  65536.0 
 65538.0  65540.0  65542.0  ... 131070.0 131072.0 
 ... 
2147352576.0 2147352576.0 2147352576.0  ... 2147418112.0 2147418112.0 
2147418112.0 2147418112.0 2147418112.0  ... 2147483648.0 2147483648.0 

マルチGPUでの処理後行列 (32768x32768) の一部:
     2.0      4.0      6.0  ...  65534.0  65536.0 
 65538.0  65540.0  65542.0  ... 131070.0 131072.0 
 ... 
2147352576.0 2147352576.0 2147352576.0  ... 2147418112.0 2147418112.0 
2147418112.0 2147418112.0 2147418112.0  ... 2147483648.0 2147483648.0 

