利用可能なMPIプロセス数（GPU数）: 4

===== 各ノードのGPU情報 =====
ランク 0 の GPU情報:
GPU 0: NVIDIA GH200 120GB
  Compute capability: 9.0
  Total global memory: 94.50 GB
  Multiprocessors: 132
  Max threads per block: 1024

ランク 1 の GPU情報:
GPU 0: NVIDIA GH200 120GB
  Compute capability: 9.0
  Total global memory: 94.50 GB
  Multiprocessors: 132
  Max threads per block: 1024

ランク 2 の GPU情報:
GPU 0: NVIDIA GH200 120GB
  Compute capability: 9.0
  Total global memory: 94.50 GB
  Multiprocessors: 132
  Max threads per block: 1024

ランク 3 の GPU情報:
GPU 0: NVIDIA GH200 120GB
  Compute capability: 9.0
  Total global memory: 94.50 GB
  Multiprocessors: 132
  Max threads per block: 1024


===== パラメータ設定 =====
行列サイズ: 1024 x 1024
スカラー値: 2.0
使用GPU数: 4

行列の初期化中...
元の行列 (1024x1024) の一部:
     1.0      2.0      3.0  ...   1023.0   1024.0 
  1025.0   1026.0   1027.0  ...   2047.0   2048.0 
 ... 
1046529.0 1046530.0 1046531.0  ... 1047551.0 1047552.0 
1047553.0 1047554.0 1047555.0  ... 1048575.0 1048576.0 


===== シングルGPU処理開始 =====
シングルGPU処理完了: 0.000394 秒

===== マルチGPU処理開始 (4 GPUs) =====
マルチGPU処理完了: 0.003051 秒

===== 性能比較 =====
シングルGPU実行時間: 0.000394 秒
マルチGPU実行時間(4 GPUs): 0.003051 秒
高速化率: 0.13倍
効率: 3.23%

===== 結果検証 =====
シングルGPUとマルチGPUの結果は一致しています。
シングルGPUでの処理後行列 (1024x1024) の一部:
     2.0      4.0      6.0  ...   2046.0   2048.0 
  2050.0   2052.0   2054.0  ...   4094.0   4096.0 
 ... 
2093058.0 2093060.0 2093062.0  ... 2095102.0 2095104.0 
2095106.0 2095108.0 2095110.0  ... 2097150.0 2097152.0 

マルチGPUでの処理後行列 (1024x1024) の一部:
     2.0      4.0      6.0  ...   2046.0   2048.0 
  2050.0   2052.0   2054.0  ...   4094.0   4096.0 
 ... 
2093058.0 2093060.0 2093062.0  ... 2095102.0 2095104.0 
2095106.0 2095108.0 2095110.0  ... 2097150.0 2097152.0 

