=== Optimized Transformer Block CUDA Implementation ===
Configuration:
  Batch size: 32
  Sequence length: 64
  Model dimension: 256
  Feed forward dimension: 1024
Generating dummy data...
Executing optimized transformer block...
Transferring data to GPU...
Executing optimized transformer block kernel...
Transferring results back to CPU...
Transformer block execution completed!
Execution time: 0.387429 seconds
Output saved to result/cuda_output.bin
Optimizations applied:
  ✓ Fused kernel execution (single GPU launch)
  ✓ Device functions for modularity
  ✓ Asynchronous memory transfers
  ✓ Stream-based overlap
  ✓ Minimized host-device synchronization
